app/build/intermediates/manifest_merge_blame_file/debug/manifest-merger-blame-debug-report.txt
1<?xml version="1.0" encoding="utf-8"?>
2<manifest xmlns:android="http://schemas.android.com/apk/res/android"
3    package="com.joshuacerdenia.android.nicefeed"
4    android:versionCode="15"
5    android:versionName="1.0.0-beta05.5" >
6
7    <uses-sdk
8        android:minSdkVersion="21"
8-->src/main/AndroidManifest.xml
9        android:targetSdkVersion="29" />
9-->src/main/AndroidManifest.xml
10
11    <permission
11-->src/main/AndroidManifest.xml:6:5-8:46
12        android:name="com.joshuacerdenia.android.nicefeed.PRIVATE"
12-->src/main/AndroidManifest.xml:7:9-67
13        android:protectionLevel="signature" />
13-->src/main/AndroidManifest.xml:8:9-44
14
15    <uses-permission android:name="android.permission.ACCESS_NETWORK_STATE" />
15-->src/main/AndroidManifest.xml:10:5-79
15-->src/main/AndroidManifest.xml:10:22-76
16    <uses-permission android:name="android.permission.INTERNET" />
16-->src/main/AndroidManifest.xml:11:5-67
16-->src/main/AndroidManifest.xml:11:22-64
17    <uses-permission android:name="com.joshuacerdenia.android.nicefeed.PRIVATE" />
17-->src/main/AndroidManifest.xml:12:5-82
17-->src/main/AndroidManifest.xml:12:22-80
18    <uses-permission android:name="android.permission.WAKE_LOCK" />
18-->[androidx.work:work-runtime:2.5.0] AndroidManifest.xml:25:5-68
18-->[androidx.work:work-runtime:2.5.0] AndroidManifest.xml:25:22-65
19    <uses-permission android:name="android.permission.RECEIVE_BOOT_COMPLETED" />
19-->[androidx.work:work-runtime:2.5.0] AndroidManifest.xml:27:5-81
19-->[androidx.work:work-runtime:2.5.0] AndroidManifest.xml:27:22-78
20    <uses-permission android:name="android.permission.FOREGROUND_SERVICE" />
20-->[androidx.work:work-runtime:2.5.0] AndroidManifest.xml:28:5-77
20-->[androidx.work:work-runtime:2.5.0] AndroidManifest.xml:28:22-74
21
22    <application
22-->src/main/AndroidManifest.xml:18:5-47:19
23        android:name="com.joshuacerdenia.android.nicefeed.NiceFeedApplication"
23-->src/main/AndroidManifest.xml:19:9-44
24        android:appComponentFactory="androidx.core.app.CoreComponentFactory"
24-->[androidx.core:core:1.3.2] AndroidManifest.xml:24:18-86
25        android:debuggable="true"
26        android:icon="@mipmap/ic_launcher"
26-->src/main/AndroidManifest.xml:20:9-43
27        android:label="@string/app_name"
27-->src/main/AndroidManifest.xml:21:9-41
28        android:roundIcon="@mipmap/ic_launcher_round"
28-->src/main/AndroidManifest.xml:22:9-54
29        android:supportsRtl="true"
29-->src/main/AndroidManifest.xml:23:9-35
30        android:testOnly="true"
31        android:theme="@style/AppTheme" >
31-->src/main/AndroidManifest.xml:24:9-40
32        <activity android:name="com.joshuacerdenia.android.nicefeed.ui.activity.MainActivity" >
32-->src/main/AndroidManifest.xml:26:9-31:20
32-->src/main/AndroidManifest.xml:26:19-59
33            <intent-filter>
33-->src/main/AndroidManifest.xml:27:13-30:29
34                <action android:name="android.intent.action.MAIN" />
34-->src/main/AndroidManifest.xml:28:17-69
34-->src/main/AndroidManifest.xml:28:25-66
35
36                <category android:name="android.intent.category.LAUNCHER" />
36-->src/main/AndroidManifest.xml:29:17-77
36-->src/main/AndroidManifest.xml:29:27-74
37            </intent-filter>
38        </activity>
39        <activity android:name="com.joshuacerdenia.android.nicefeed.ui.activity.ManagingActivity" />
39-->src/main/AndroidManifest.xml:33:9-66
39-->src/main/AndroidManifest.xml:33:19-63
40
41        <receiver
41-->src/main/AndroidManifest.xml:35:9-42:20
42            android:name="com.joshuacerdenia.android.nicefeed.util.NotificationReceiver"
42-->src/main/AndroidManifest.xml:36:13-54
43            android:exported="false"
43-->src/main/AndroidManifest.xml:38:13-37
44            android:permission="com.joshuacerdenia.android.nicefeed.PRIVATE" >
44-->src/main/AndroidManifest.xml:37:13-77
45            <intent-filter android:priority="-999" >
45-->src/main/AndroidManifest.xml:39:13-41:29
45-->src/main/AndroidManifest.xml:39:28-51
46                <action android:name="com.joshuacerdenia.android.nicefeed.utils.work.SHOW_NOTIFICATION" />
46-->src/main/AndroidManifest.xml:40:17-106
46-->src/main/AndroidManifest.xml:40:25-104
47            </intent-filter>
48        </receiver>
49
50        <meta-data
50-->src/main/AndroidManifest.xml:44:9-46:57
51            android:name="preloaded_fonts"
51-->src/main/AndroidManifest.xml:45:13-43
52            android:resource="@array/preloaded_fonts" />
52-->src/main/AndroidManifest.xml:46:13-54
53
54        <provider
54-->[com.squareup.picasso:picasso:2.71828] AndroidManifest.xml:8:9-11:40
55            android:name="com.squareup.picasso.PicassoProvider"
55-->[com.squareup.picasso:picasso:2.71828] AndroidManifest.xml:9:13-64
56            android:authorities="com.joshuacerdenia.android.nicefeed.com.squareup.picasso"
56-->[com.squareup.picasso:picasso:2.71828] AndroidManifest.xml:10:13-72
57            android:exported="false" />
57-->[com.squareup.picasso:picasso:2.71828] AndroidManifest.xml:11:13-37
58        <provider
58-->[androidx.work:work-runtime:2.5.0] AndroidManifest.xml:31:9-37:35
59            android:name="androidx.work.impl.WorkManagerInitializer"
59-->[androidx.work:work-runtime:2.5.0] AndroidManifest.xml:32:13-69
60            android:authorities="com.joshuacerdenia.android.nicefeed.workmanager-init"
60-->[androidx.work:work-runtime:2.5.0] AndroidManifest.xml:33:13-68
61            android:directBootAware="false"
61-->[androidx.work:work-runtime:2.5.0] AndroidManifest.xml:34:13-44
62            android:exported="false"
62-->[androidx.work:work-runtime:2.5.0] AndroidManifest.xml:35:13-37
63            android:multiprocess="true" />
63-->[androidx.work:work-runtime:2.5.0] AndroidManifest.xml:36:13-40
64
65        <service
65-->[androidx.work:work-runtime:2.5.0] AndroidManifest.xml:39:9-44:35
66            android:name="androidx.work.impl.background.systemalarm.SystemAlarmService"
66-->[androidx.work:work-runtime:2.5.0] AndroidManifest.xml:40:13-88
67            android:directBootAware="false"
67-->[androidx.work:work-runtime:2.5.0] AndroidManifest.xml:41:13-44
68            android:enabled="@bool/enable_system_alarm_service_default"
68-->[androidx.work:work-runtime:2.5.0] AndroidManifest.xml:42:13-72
69            android:exported="false" />
69-->[androidx.work:work-runtime:2.5.0] AndroidManifest.xml:43:13-37
70        <service
70-->[androidx.work:work-runtime:2.5.0] AndroidManifest.xml:45:9-51:35
71            android:name="androidx.work.impl.background.systemjob.SystemJobService"
71-->[androidx.work:work-runtime:2.5.0] AndroidManifest.xml:46:13-84
72            android:directBootAware="false"
72-->[androidx.work:work-runtime:2.5.0] AndroidManifest.xml:47:13-44
73            android:enabled="@bool/enable_system_job_service_default"
73-->[androidx.work:work-runtime:2.5.0] AndroidManifest.xml:48:13-70
74            android:exported="true"
74-->[androidx.work:work-runtime:2.5.0] AndroidManifest.xml:49:13-36
75            android:permission="android.permission.BIND_JOB_SERVICE" />
75-->[androidx.work:work-runtime:2.5.0] AndroidManifest.xml:50:13-69
76        <service
76-->[androidx.work:work-runtime:2.5.0] AndroidManifest.xml:52:9-57:35
77            android:name="androidx.work.impl.foreground.SystemForegroundService"
77-->[androidx.work:work-runtime:2.5.0] AndroidManifest.xml:53:13-81
78            android:directBootAware="false"
78-->[androidx.work:work-runtime:2.5.0] AndroidManifest.xml:54:13-44
79            android:enabled="@bool/enable_system_foreground_service_default"
79-->[androidx.work:work-runtime:2.5.0] AndroidManifest.xml:55:13-77
80            android:exported="false" />
80-->[androidx.work:work-runtime:2.5.0] AndroidManifest.xml:56:13-37
81
82        <receiver
82-->[androidx.work:work-runtime:2.5.0] AndroidManifest.xml:59:9-64:35
83            android:name="androidx.work.impl.utils.ForceStopRunnable$BroadcastReceiver"
83-->[androidx.work:work-runtime:2.5.0] AndroidManifest.xml:60:13-88
84            android:directBootAware="false"
84-->[androidx.work:work-runtime:2.5.0] AndroidManifest.xml:61:13-44
85            android:enabled="true"
85-->[androidx.work:work-runtime:2.5.0] AndroidManifest.xml:62:13-35
86            android:exported="false" />
86-->[androidx.work:work-runtime:2.5.0] AndroidManifest.xml:63:13-37
87        <receiver
87-->[androidx.work:work-runtime:2.5.0] AndroidManifest.xml:65:9-75:20
88            android:name="androidx.work.impl.background.systemalarm.ConstraintProxy$BatteryChargingProxy"
88-->[androidx.work:work-runtime:2.5.0] AndroidManifest.xml:66:13-106
89            android:directBootAware="false"
89-->[androidx.work:work-runtime:2.5.0] AndroidManifest.xml:67:13-44
90            android:enabled="false"
90-->[androidx.work:work-runtime:2.5.0] AndroidManifest.xml:68:13-36
91            android:exported="false" >
91-->[androidx.work:work-runtime:2.5.0] AndroidManifest.xml:69:13-37
92            <intent-filter>
92-->[androidx.work:work-runtime:2.5.0] AndroidManifest.xml:71:13-74:29
93                <action android:name="android.intent.action.ACTION_POWER_CONNECTED" />
93-->[androidx.work:work-runtime:2.5.0] AndroidManifest.xml:72:17-87
93-->[androidx.work:work-runtime:2.5.0] AndroidManifest.xml:72:25-84
94                <action android:name="android.intent.action.ACTION_POWER_DISCONNECTED" />
94-->[androidx.work:work-runtime:2.5.0] AndroidManifest.xml:73:17-90
94-->[androidx.work:work-runtime:2.5.0] AndroidManifest.xml:73:25-87
95            </intent-filter>
96        </receiver>
97        <receiver
97-->[androidx.work:work-runtime:2.5.0] AndroidManifest.xml:76:9-86:20
98            android:name="androidx.work.impl.background.systemalarm.ConstraintProxy$BatteryNotLowProxy"
98-->[androidx.work:work-runtime:2.5.0] AndroidManifest.xml:77:13-104
99            android:directBootAware="false"
99-->[androidx.work:work-runtime:2.5.0] AndroidManifest.xml:78:13-44
100            android:enabled="false"
100-->[androidx.work:work-runtime:2.5.0] AndroidManifest.xml:79:13-36
101            android:exported="false" >
101-->[androidx.work:work-runtime:2.5.0] AndroidManifest.xml:80:13-37
102            <intent-filter>
102-->[androidx.work:work-runtime:2.5.0] AndroidManifest.xml:82:13-85:29
103                <action android:name="android.intent.action.BATTERY_OKAY" />
103-->[androidx.work:work-runtime:2.5.0] AndroidManifest.xml:83:17-77
103-->[androidx.work:work-runtime:2.5.0] AndroidManifest.xml:83:25-74
104                <action android:name="android.intent.action.BATTERY_LOW" />
104-->[androidx.work:work-runtime:2.5.0] AndroidManifest.xml:84:17-76
104-->[androidx.work:work-runtime:2.5.0] AndroidManifest.xml:84:25-73
105            </intent-filter>
106        </receiver>
107        <receiver
107-->[androidx.work:work-runtime:2.5.0] AndroidManifest.xml:87:9-97:20
108            android:name="androidx.work.impl.background.systemalarm.ConstraintProxy$StorageNotLowProxy"
108-->[androidx.work:work-runtime:2.5.0] AndroidManifest.xml:88:13-104
109            android:directBootAware="false"
109-->[androidx.work:work-runtime:2.5.0] AndroidManifest.xml:89:13-44
110            android:enabled="false"
110-->[androidx.work:work-runtime:2.5.0] AndroidManifest.xml:90:13-36
111            android:exported="false" >
111-->[androidx.work:work-runtime:2.5.0] AndroidManifest.xml:91:13-37
112            <intent-filter>
112-->[androidx.work:work-runtime:2.5.0] AndroidManifest.xml:93:13-96:29
113                <action android:name="android.intent.action.DEVICE_STORAGE_LOW" />
113-->[androidx.work:work-runtime:2.5.0] AndroidManifest.xml:94:17-83
113-->[androidx.work:work-runtime:2.5.0] AndroidManifest.xml:94:25-80
114                <action android:name="android.intent.action.DEVICE_STORAGE_OK" />
114-->[androidx.work:work-runtime:2.5.0] AndroidManifest.xml:95:17-82
114-->[androidx.work:work-runtime:2.5.0] AndroidManifest.xml:95:25-79
115            </intent-filter>
116        </receiver>
117        <receiver
117-->[androidx.work:work-runtime:2.5.0] AndroidManifest.xml:98:9-107:20
118            android:name="androidx.work.impl.background.systemalarm.ConstraintProxy$NetworkStateProxy"
118-->[androidx.work:work-runtime:2.5.0] AndroidManifest.xml:99:13-103
119            android:directBootAware="false"
119-->[androidx.work:work-runtime:2.5.0] AndroidManifest.xml:100:13-44
120            android:enabled="false"
120-->[androidx.work:work-runtime:2.5.0] AndroidManifest.xml:101:13-36
121            android:exported="false" >
121-->[androidx.work:work-runtime:2.5.0] AndroidManifest.xml:102:13-37
122            <intent-filter>
122-->[androidx.work:work-runtime:2.5.0] AndroidManifest.xml:104:13-106:29
123                <action android:name="android.net.conn.CONNECTIVITY_CHANGE" />
123-->[androidx.work:work-runtime:2.5.0] AndroidManifest.xml:105:17-79
123-->[androidx.work:work-runtime:2.5.0] AndroidManifest.xml:105:25-76
124            </intent-filter>
125        </receiver>
126        <receiver
126-->[androidx.work:work-runtime:2.5.0] AndroidManifest.xml:108:9-119:20
127            android:name="androidx.work.impl.background.systemalarm.RescheduleReceiver"
127-->[androidx.work:work-runtime:2.5.0] AndroidManifest.xml:109:13-88
128            android:directBootAware="false"
128-->[androidx.work:work-runtime:2.5.0] AndroidManifest.xml:110:13-44
129            android:enabled="false"
129-->[androidx.work:work-runtime:2.5.0] AndroidManifest.xml:111:13-36
130            android:exported="false" >
130-->[androidx.work:work-runtime:2.5.0] AndroidManifest.xml:112:13-37
131            <intent-filter>
131-->[androidx.work:work-runtime:2.5.0] AndroidManifest.xml:114:13-118:29
132                <action android:name="android.intent.action.BOOT_COMPLETED" />
132-->[androidx.work:work-runtime:2.5.0] AndroidManifest.xml:115:17-79
132-->[androidx.work:work-runtime:2.5.0] AndroidManifest.xml:115:25-76
133                <action android:name="android.intent.action.TIME_SET" />
133-->[androidx.work:work-runtime:2.5.0] AndroidManifest.xml:116:17-73
133-->[androidx.work:work-runtime:2.5.0] AndroidManifest.xml:116:25-70
134                <action android:name="android.intent.action.TIMEZONE_CHANGED" />
134-->[androidx.work:work-runtime:2.5.0] AndroidManifest.xml:117:17-81
134-->[androidx.work:work-runtime:2.5.0] AndroidManifest.xml:117:25-78
135            </intent-filter>
136        </receiver>
137        <receiver
137-->[androidx.work:work-runtime:2.5.0] AndroidManifest.xml:120:9-129:20
138            android:name="androidx.work.impl.background.systemalarm.ConstraintProxyUpdateReceiver"
138-->[androidx.work:work-runtime:2.5.0] AndroidManifest.xml:121:13-99
139            android:directBootAware="false"
139-->[androidx.work:work-runtime:2.5.0] AndroidManifest.xml:122:13-44
140            android:enabled="@bool/enable_system_alarm_service_default"
140-->[androidx.work:work-runtime:2.5.0] AndroidManifest.xml:123:13-72
141            android:exported="false" >
141-->[androidx.work:work-runtime:2.5.0] AndroidManifest.xml:124:13-37
142            <intent-filter>
142-->[androidx.work:work-runtime:2.5.0] AndroidManifest.xml:126:13-128:29
143                <action android:name="androidx.work.impl.background.systemalarm.UpdateProxies" />
143-->[androidx.work:work-runtime:2.5.0] AndroidManifest.xml:127:17-98
143-->[androidx.work:work-runtime:2.5.0] AndroidManifest.xml:127:25-95
144            </intent-filter>
145        </receiver>
146        <receiver
146-->[androidx.work:work-runtime:2.5.0] AndroidManifest.xml:130:9-140:20
147            android:name="androidx.work.impl.diagnostics.DiagnosticsReceiver"
147-->[androidx.work:work-runtime:2.5.0] AndroidManifest.xml:131:13-78
148            android:directBootAware="false"
148-->[androidx.work:work-runtime:2.5.0] AndroidManifest.xml:132:13-44
149            android:enabled="true"
149-->[androidx.work:work-runtime:2.5.0] AndroidManifest.xml:133:13-35
150            android:exported="true"
150-->[androidx.work:work-runtime:2.5.0] AndroidManifest.xml:134:13-36
151            android:permission="android.permission.DUMP" >
151-->[androidx.work:work-runtime:2.5.0] AndroidManifest.xml:135:13-57
152            <intent-filter>
152-->[androidx.work:work-runtime:2.5.0] AndroidManifest.xml:137:13-139:29
153                <action android:name="androidx.work.diagnostics.REQUEST_DIAGNOSTICS" />
153-->[androidx.work:work-runtime:2.5.0] AndroidManifest.xml:138:17-88
153-->[androidx.work:work-runtime:2.5.0] AndroidManifest.xml:138:25-85
154            </intent-filter>
155        </receiver>
156
157        <service
157-->[androidx.room:room-runtime:2.2.6] AndroidManifest.xml:25:9-28:40
158            android:name="androidx.room.MultiInstanceInvalidationService"
158-->[androidx.room:room-runtime:2.2.6] AndroidManifest.xml:26:13-74
159            android:directBootAware="true"
159-->[androidx.room:room-runtime:2.2.6] AndroidManifest.xml:27:13-43
160            android:exported="false" />
160-->[androidx.room:room-runtime:2.2.6] AndroidManifest.xml:28:13-37
161    </application>
162
163</manifest>